<?xml version="1.0" encoding="UTF-8"?>
<testsuites name="jest tests" tests="2" failures="0" errors="0" time="6.605">
  <testsuite name="App Component" errors="0" failures="0" skipped="0" timestamp="2024-06-14T18:57:13" time="4.184" tests="1">
    <testcase classname="App Component :) Renders the App component" name="App Component :) Renders the App component" time="0.127">
    </testcase>
  </testsuite>
  <testsuite name="App Component" errors="0" failures="0" skipped="0" timestamp="2024-06-14T18:57:13" time="4.269" tests="1">
    <testcase classname="App Component Renders the Redux App component" name="App Component Renders the Redux App component" time="0.126">
    </testcase>
  </testsuite>
</testsuites>